<?xml version="1.0" encoding="UTF-8"?>
<!-- Generated by org.testng.reporters.JUnitReportReporter -->
<testsuite hostname="LAPTOP-G78KK4VM" failures="0" tests="1" name="mavenprojectswaglabselenium.scrollToTwitter" time="8.100" errors="0" timestamp="2023-03-03T10:31:11 IST" skipped="0">
  <testcase classname="mavenprojectswaglabselenium.scrollToTwitter" name="scrollTwitter" time="8.100"/>
  <system-out/>
</testsuite> <!-- mavenprojectswaglabselenium.scrollToTwitter -->
