<?xml version="1.0" encoding="UTF-8"?>
<!-- Generated by org.testng.reporters.JUnitReportReporter -->
<testsuite hostname="LAPTOP-G78KK4VM" failures="0" tests="1" name="mavenprojectswaglabselenium.contiueShopping" time="6.156" errors="0" timestamp="2023-03-03T10:31:11 IST" skipped="0">
  <testcase classname="mavenprojectswaglabselenium.contiueShopping" name="ContinueShopping" time="6.156"/>
  <system-out/>
</testsuite> <!-- mavenprojectswaglabselenium.contiueShopping -->
