<?xml version="1.0" encoding="UTF-8"?>
<!-- Generated by org.testng.reporters.JUnitReportReporter -->
<testsuite hostname="LAPTOP-G78KK4VM" failures="0" tests="1" name="mavenprojectswaglabselenium.LoginFail" time="7.844" errors="0" timestamp="2023-03-03T10:31:11 IST" skipped="0">
  <testcase classname="mavenprojectswaglabselenium.LoginFail" name="launchingWeb" time="7.844"/>
  <system-out/>
</testsuite> <!-- mavenprojectswaglabselenium.LoginFail -->
